<?xml version="1.0" encoding="utf-8"?><testsuites name="pytest tests"><testsuite name="pytest" errors="0" failures="0" skipped="0" tests="17" time="16.824" timestamp="2026-05-20T20:43:08.475721+00:00" hostname="agent-env-7c8a1260-d81a-464c-b299-ccc9d357a5fa"><testcase classname="backend.tests.test_gurme_enginar" name="test_root" time="0.338" /><testcase classname="backend.tests.test_gurme_enginar" name="test_warehouses_seeded" time="0.062" /><testcase classname="backend.tests.test_gurme_enginar" name="test_stats" time="0.284" /><testcase classname="backend.tests.test_gurme_enginar" name="test_rotate_key_invalidates_old" time="0.277" /><testcase classname="backend.tests.test_gurme_enginar" name="test_ingest_wrong_key_401" time="0.139" /><testcase classname="backend.tests.test_gurme_enginar" name="test_ingest_body_key_ok_and_marks_live" time="0.198" /><testcase classname="backend.tests.test_gurme_enginar" name="test_ingest_header_key_ok" time="0.184" /><testcase classname="backend.tests.test_gurme_enginar" name="test_ingest_persists_reading" time="0.201" /><testcase classname="backend.tests.test_gurme_enginar" name="test_ingest_temp_out_of_bounds_422" time="0.126" /><testcase classname="backend.tests.test_gurme_enginar" name="test_ingest_humidity_out_of_bounds_422" time="0.132" /><testcase classname="backend.tests.test_gurme_enginar" name="test_ingest_power_cut_then_restored_alerts" time="2.452" /><testcase classname="backend.tests.test_gurme_enginar" name="test_ingest_threshold_violation_creates_alert" time="2.428" /><testcase classname="backend.tests.test_gurme_enginar" name="test_create_update_delete_warehouse" time="0.321" /><testcase classname="backend.tests.test_gurme_enginar" name="test_ai_analyze" time="9.171" /><testcase classname="backend.tests.test_gurme_enginar" name="test_favicon_svg" time="0.159" /><testcase classname="backend.tests.test_gurme_enginar" name="test_manifest_json" time="0.121" /><testcase classname="backend.tests.test_gurme_enginar" name="test_service_worker" time="0.125" /></testsuite></testsuites>