<?xml version="1.0" encoding="utf-8"?><testsuites name="pytest tests"><testsuite name="pytest" errors="0" failures="0" skipped="0" tests="9" time="51.217" timestamp="2026-05-20T19:22:06.479955+00:00" hostname="agent-env-7c8a1260-d81a-464c-b299-ccc9d357a5fa"><testcase classname="backend.tests.test_frostguard" name="test_root" time="0.262" /><testcase classname="backend.tests.test_frostguard" name="test_warehouses_seeded" time="0.074" /><testcase classname="backend.tests.test_frostguard" name="test_stats" time="0.094" /><testcase classname="backend.tests.test_frostguard" name="test_readings_after_wait" time="6.148" /><testcase classname="backend.tests.test_frostguard" name="test_create_update_delete_warehouse" time="0.351" /><testcase classname="backend.tests.test_frostguard" name="test_toggle_power_creates_alert" time="8.467" /><testcase classname="backend.tests.test_frostguard" name="test_threshold_violation_alert" time="9.282" /><testcase classname="backend.tests.test_frostguard" name="test_acknowledge_alerts" time="8.539" /><testcase classname="backend.tests.test_frostguard" name="test_ai_analyze" time="17.865" /></testsuite></testsuites>